# JRE version: Java(TM) SE Runtime Environment (8.0_191-b12) (build 1.8.0_191-b12)
# Java VM: Java HotSpot(TM) Client VM (25.191-b12 mixed mode windows-x86 )
Heap:
 def new generation   total 39424K, used 11446K [0x04400000, 0x06ec0000, 0x0eea0000)
  eden space 35072K,  23% used [0x04400000, 0x04c27ae0, 0x06640000)
  from space 4352K,  71% used [0x06640000, 0x06945df0, 0x06a80000)
  to   space 4352K,   0% used [0x06a80000, 0x06a80000, 0x06ec0000)
 tenured generation   total 87424K, used 46811K [0x0eea0000, 0x14400000, 0x24400000)
   the space 87424K,  53% used [0x0eea0000, 0x11c56d68, 0x11c56e00, 0x14400000)
 Metaspace       used 26783K, capacity 27669K, committed 27776K, reserved 28032K
GC Heap History (10 events):
Event: 2535.284 GC heap before
{Heap before GC invocations=45 (full 3):
 def new generation   total 39424K, used 36337K [0x04400000, 0x06ec0000, 0x0eea0000)
  eden space 35072K, 100% used [0x04400000, 0x06640000, 0x06640000)
  from space 4352K,  29% used [0x06a80000, 0x06bbc7b0, 0x06ec0000)
  to   space 4352K,   0% used [0x06640000, 0x06640000, 0x06a80000)
 tenured generation   total 87424K, used 74266K [0x0eea0000, 0x14400000, 0x24400000)
   the space 87424K,  84% used [0x0eea0000, 0x13726b30, 0x13726c00, 0x14400000)
 Metaspace       used 25995K, capacity 26794K, committed 26880K, reserved 27008K
Event: 2535.287 GC heap after
Heap after GC invocations=46 (full 3):
 def new generation   total 39424K, used 571K [0x04400000, 0x06ec0000, 0x0eea0000)
  eden space 35072K,   0% used [0x04400000, 0x04400000, 0x06640000)
  from space 4352K,  13% used [0x06640000, 0x066cec98, 0x06a80000)
  to   space 4352K,   0% used [0x06a80000, 0x06a80000, 0x06ec0000)
 tenured generation   total 87424K, used 74266K [0x0eea0000, 0x14400000, 0x24400000)
   the space 87424K,  84% used [0x0eea0000, 0x13726b30, 0x13726c00, 0x14400000)
 Metaspace       used 25995K, capacity 26794K, committed 26880K, reserved 27008K
}
Event: 2541.071 GC heap before
{Heap before GC invocations=46 (full 3):
 def new generation   total 39424K, used 35643K [0x04400000, 0x06ec0000, 0x0eea0000)
  eden space 35072K, 100% used [0x04400000, 0x06640000, 0x06640000)
  from space 4352K,  13% used [0x06640000, 0x066cec98, 0x06a80000)
  to   space 4352K,   0% used [0x06a80000, 0x06a80000, 0x06ec0000)
 tenured generation   total 87424K, used 74266K [0x0eea0000, 0x14400000, 0x24400000)
   the space 87424K,  84% used [0x0eea0000, 0x13726b30, 0x13726c00, 0x14400000)
 Metaspace       used 25995K, capacity 26794K, committed 26880K, reserved 27008K
Event: 2541.074 GC heap after
Heap after GC invocations=47 (full 3):
 def new generation   total 39424K, used 417K [0x04400000, 0x06ec0000, 0x0eea0000)
  eden space 35072K,   0% used [0x04400000, 0x04400000, 0x06640000)
  from space 4352K,   9% used [0x06a80000, 0x06ae86b0, 0x06ec0000)
  to   space 4352K,   0% used [0x06640000, 0x06640000, 0x06a80000)
 tenured generation   total 87424K, used 74266K [0x0eea0000, 0x14400000, 0x24400000)
   the space 87424K,  84% used [0x0eea0000, 0x13726b30, 0x13726c00, 0x14400000)
 Metaspace       used 25995K, capacity 26794K, committed 26880K, reserved 27008K
}
Event: 2548.732 GC heap before
{Heap before GC invocations=47 (full 3):
 def new generation   total 39424K, used 35489K [0x04400000, 0x06ec0000, 0x0eea0000)
  eden space 35072K, 100% used [0x04400000, 0x06640000, 0x06640000)
  from space 4352K,   9% used [0x06a80000, 0x06ae86b0, 0x06ec0000)
  to   space 4352K,   0% used [0x06640000, 0x06640000, 0x06a80000)
 tenured generation   total 87424K, used 74266K [0x0eea0000, 0x14400000, 0x24400000)
   the space 87424K,  84% used [0x0eea0000, 0x13726b30, 0x13726c00, 0x14400000)
 Metaspace       used 26032K, capacity 26854K, committed 26880K, reserved 27008K
Event: 2548.735 GC heap after
Heap after GC invocations=48 (full 3):
 def new generation   total 39424K, used 447K [0x04400000, 0x06ec0000, 0x0eea0000)
  eden space 35072K,   0% used [0x04400000, 0x04400000, 0x06640000)
  from space 4352K,  10% used [0x06640000, 0x066aff28, 0x06a80000)
  to   space 4352K,   0% used [0x06a80000, 0x06a80000, 0x06ec0000)
 tenured generation   total 87424K, used 74266K [0x0eea0000, 0x14400000, 0x24400000)
   the space 87424K,  84% used [0x0eea0000, 0x13726b30, 0x13726c00, 0x14400000)
 Metaspace       used 26032K, capacity 26854K, committed 26880K, reserved 27008K
}
Event: 2548.875 GC heap before
{Heap before GC invocations=48 (full 3):
 def new generation   total 39424K, used 35519K [0x04400000, 0x06ec0000, 0x0eea0000)
  eden space 35072K, 100% used [0x04400000, 0x06640000, 0x06640000)
  from space 4352K,  10% used [0x06640000, 0x066aff28, 0x06a80000)
  to   space 4352K,   0% used [0x06a80000, 0x06a80000, 0x06ec0000)
 tenured generation   total 87424K, used 74266K [0x0eea0000, 0x14400000, 0x24400000)
   the space 87424K,  84% used [0x0eea0000, 0x13726b30, 0x13726c00, 0x14400000)
 Metaspace       used 26160K, capacity 27059K, committed 27136K, reserved 28032K
Event: 2548.984 GC heap after
Heap after GC invocations=49 (full 4):
 def new generation   total 39424K, used 0K [0x04400000, 0x06ec0000, 0x0eea0000)
  eden space 35072K,   0% used [0x04400000, 0x04400000, 0x06640000)
  from space 4352K,   0% used [0x06a80000, 0x06a80000, 0x06ec0000)
  to   space 4352K,   0% used [0x06640000, 0x06640000, 0x06a80000)
 tenured generation   total 87424K, used 46811K [0x0eea0000, 0x14400000, 0x24400000)
   the space 87424K,  53% used [0x0eea0000, 0x11c56d68, 0x11c56e00, 0x14400000)
 Metaspace       used 26156K, capacity 27054K, committed 27136K, reserved 28032K
}
Event: 2567.357 GC heap before
{Heap before GC invocations=49 (full 4):
 def new generation   total 39424K, used 35072K [0x04400000, 0x06ec0000, 0x0eea0000)
  eden space 35072K, 100% used [0x04400000, 0x06640000, 0x06640000)
  from space 4352K,   0% used [0x06a80000, 0x06a80000, 0x06ec0000)
  to   space 4352K,   0% used [0x06640000, 0x06640000, 0x06a80000)
 tenured generation   total 87424K, used 46811K [0x0eea0000, 0x14400000, 0x24400000)
   the space 87424K,  53% used [0x0eea0000, 0x11c56d68, 0x11c56e00, 0x14400000)
 Metaspace       used 26156K, capacity 27054K, committed 27136K, reserved 28032K
Event: 2567.362 GC heap after
Heap after GC invocations=50 (full 4):
 def new generation   total 39424K, used 3095K [0x04400000, 0x06ec0000, 0x0eea0000)
  eden space 35072K,   0% used [0x04400000, 0x04400000, 0x06640000)
  from space 4352K,  71% used [0x06640000, 0x06945df0, 0x06a80000)
  to   space 4352K,   0% used [0x06a80000, 0x06a80000, 0x06ec0000)
 tenured generation   total 87424K, used 46811K [0x0eea0000, 0x14400000, 0x24400000)
   the space 87424K,  53% used [0x0eea0000, 0x11c56d68, 0x11c56e00, 0x14400000)
 Metaspace       used 26156K, capacity 27054K, committed 27136K, reserved 28032K
}

